2017-12-18 13:56:15.4955|netCore_nlog.Controllers.ValuesController|INFO|  普通信息日志----------- 
2017-12-18 13:56:15.4955|netCore_nlog.Controllers.ValuesController|DEBUG|  调试日志----------- 
2017-12-18 13:56:15.5065|netCore_nlog.Controllers.ValuesController|ERROR|  错误日志----------- 
2017-12-18 13:56:15.5065|netCore_nlog.Controllers.ValuesController|FATAL|  异常日志----------- 
2017-12-18 13:56:15.5065|netCore_nlog.Controllers.ValuesController|WARN|  警告日志----------- 
2017-12-18 13:56:15.5065|netCore_nlog.Controllers.ValuesController|TRACE|  跟踪日志----------- 
2017-12-18 13:56:15.5065|netCore_nlog.Controllers.ValuesController|WARN|  Log日志------------------ 
2017-12-18 13:59:35.4484|netCore_nlog.Controllers.ValuesController|INFO|  普通信息日志----------- 
2017-12-18 13:59:35.4484|netCore_nlog.Controllers.ValuesController|DEBUG|  调试日志----------- 
2017-12-18 13:59:35.4484|netCore_nlog.Controllers.ValuesController|ERROR|  错误日志----------- 
2017-12-18 13:59:35.4484|netCore_nlog.Controllers.ValuesController|FATAL|  异常日志----------- 
2017-12-18 13:59:35.4484|netCore_nlog.Controllers.ValuesController|WARN|  警告日志----------- 
2017-12-18 13:59:35.4484|netCore_nlog.Controllers.ValuesController|TRACE|  跟踪日志----------- 
2017-12-18 13:59:35.4613|netCore_nlog.Controllers.ValuesController|WARN|  Log日志------------------ 
2017-12-18 14:01:14.9928|netCore_nlog.Controllers.ValuesController|INFO|  普通信息日志----------- 
2017-12-18 14:01:15.0105|netCore_nlog.Controllers.ValuesController|DEBUG|  调试日志----------- 
2017-12-18 14:01:15.0105|netCore_nlog.Controllers.ValuesController|ERROR|  错误日志----------- 
2017-12-18 14:01:15.0105|netCore_nlog.Controllers.ValuesController|FATAL|  异常日志----------- 
2017-12-18 14:01:15.0244|netCore_nlog.Controllers.ValuesController|WARN|  警告日志----------- 
2017-12-18 14:01:15.0244|netCore_nlog.Controllers.ValuesController|TRACE|  跟踪日志----------- 
2017-12-18 14:01:15.0244|netCore_nlog.Controllers.ValuesController|WARN|  Log日志------------------ 
